<?xml version="1.0" encoding="UTF-8"?>
<testng-results skipped="0" failed="0" ignored="0" total="2" passed="2">
  <reporter-output>
  </reporter-output>
  <suite name="Default suite" duration-ms="10717" started-at="2020-08-30T09:04:28 EDT" finished-at="2020-08-30T09:04:39 EDT">
    <groups>
    </groups>
    <test name="Default test" duration-ms="10717" started-at="2020-08-30T09:04:28 EDT" finished-at="2020-08-30T09:04:39 EDT">
      <class name="com.syntax.class01.HrmsTestCase">
        <test-method status="PASS" signature="openBrowser()[pri:0, instance:com.syntax.class01.HrmsTestCase@131276c2]" name="openBrowser" is-config="true" duration-ms="5123" started-at="2020-08-30T09:04:28 EDT" finished-at="2020-08-30T09:04:33 EDT">
          <reporter-output>
          </reporter-output>
        </test-method> <!-- openBrowser -->
        <test-method status="PASS" signature="titleValidation()[pri:0, instance:com.syntax.class01.HrmsTestCase@131276c2]" name="titleValidation" duration-ms="20" started-at="2020-08-30T09:04:33 EDT" finished-at="2020-08-30T09:04:33 EDT">
          <reporter-output>
          </reporter-output>
        </test-method> <!-- titleValidation -->
        <test-method status="PASS" signature="closeBrowser()[pri:0, instance:com.syntax.class01.HrmsTestCase@131276c2]" name="closeBrowser" is-config="true" duration-ms="133" started-at="2020-08-30T09:04:33 EDT" finished-at="2020-08-30T09:04:33 EDT">
          <reporter-output>
          </reporter-output>
        </test-method> <!-- closeBrowser -->
        <test-method status="PASS" signature="openBrowser()[pri:0, instance:com.syntax.class01.HrmsTestCase@131276c2]" name="openBrowser" is-config="true" duration-ms="3075" started-at="2020-08-30T09:04:33 EDT" finished-at="2020-08-30T09:04:36 EDT">
          <reporter-output>
          </reporter-output>
        </test-method> <!-- openBrowser -->
        <test-method status="PASS" signature="validLogin()[pri:0, instance:com.syntax.class01.HrmsTestCase@131276c2]" name="validLogin" duration-ms="2182" started-at="2020-08-30T09:04:36 EDT" finished-at="2020-08-30T09:04:39 EDT">
          <reporter-output>
          </reporter-output>
        </test-method> <!-- validLogin -->
        <test-method status="PASS" signature="closeBrowser()[pri:0, instance:com.syntax.class01.HrmsTestCase@131276c2]" name="closeBrowser" is-config="true" duration-ms="99" started-at="2020-08-30T09:04:39 EDT" finished-at="2020-08-30T09:04:39 EDT">
          <reporter-output>
          </reporter-output>
        </test-method> <!-- closeBrowser -->
      </class> <!-- com.syntax.class01.HrmsTestCase -->
    </test> <!-- Default test -->
  </suite> <!-- Default suite -->
</testng-results>
